added manifest
adding: Game/(in = 0) (out= 0)(stored 0%)
adding: Game/NumPuz.class(in = 682) (out= 419)(deflated 38%)
adding: Game/NumPuzClient$Button.class(in = 894) (out= 562)(deflated 37%)
adding: Game/NumPuzClient.class(in = 7468) (out= 4022)(deflated 46%)
adding: Game/NumPuzController$1.class(in = 1284) (out= 720)(deflated 43%)
adding: Game/NumPuzController.class(in = 16164) (out= 7262)(deflated 55%)
adding: Game/NumPuzModel.class(in = 2440) (out= 1040)(deflated 57%)
adding: Game/NumPuzServer$Button.class(in = 894) (out= 562)(deflated 37%)
adding: Game/NumPuzServer$Client.class(in = 3979) (out= 2005)(deflated 49%)
adding: Game/NumPuzServer$ServerThread.class(in = 3098) (out= 1597)(deflated 48%)
adding: Game/NumPuzServer.class(in = 5324) (out= 2883)(deflated 45%)
adding: Game/NumPuzView$ColorSet.class(in = 830) (out= 486)(deflated 41%)
adding: Game/NumPuzView$GameButton.class(in = 1025) (out= 595)(deflated 41%)
adding: Game/NumPuzView$Popup.class(in = 1142) (out= 699)(deflated 38%)
adding: Game/NumPuzView$SplashScreen$1.class(in = 623) (out= 400)(deflated 35%)
adding: Game/NumPuzView$SplashScreen.class(in = 2271) (out= 1408)(deflated 38%)
adding: Game/NumPuzView$Tile.class(in = 2385) (out= 1244)(deflated 47%)
adding: Game/NumPuzView.class(in = 11634) (out= 5319)(deflated 54%)
adding: images/(in = 0) (out= 0)(stored 0%)
adding: images/banner.png(in = 262434) (out= 262480)(deflated 0%)
adding: images/game.png(in = 301444) (out= 300842)(deflated 0%)
adding: images/gameabout.png(in = 311368) (out= 310694)(deflated 0%)
adding: images/gamecfg.png(in = 301444) (out= 300842)(deflated 0%)
adding: images/gameend.png(in = 271949) (out= 271190)(deflated 0%)
adding: images/gameerr.png(in = 274465) (out= 273673)(deflated 0%)
adding: images/gamelogo.png(in = 8626) (out= 8631)(deflated 0%)
adding: images/gamewinner.png(in = 274368) (out= 273569)(deflated 0%)
adding: images/iconabt.png(in = 2409) (out= 2414)(deflated 0%)
adding: images/iconcolor.png(in = 33757) (out= 33347)(deflated 1%)
adding: images/iconexit.png(in = 1916) (out= 1921)(deflated 0%)
adding: images/iconnew.png(in = 1362) (out= 1367)(deflated 0%)
adding: images/set1.png(in = 6988) (out= 6993)(deflated 0%)
adding: images/set2.png(in = 6837) (out= 6842)(deflated 0%)
adding: images/set3.png(in = 5563) (out= 5568)(deflated 0%)
adding: images/set4.png(in = 7012) (out= 7017)(deflated 0%)
adding: numpuz-jar.err(in = 0) (out= 0)(stored 0%)
adding: numpuz-jar.out(in = 2464) (out= 600)(deflated 75%)
adding: numpuzserver-jar.out(in = 2899) (out= 704)(deflated 75%)
adding: NumPuzServer.jar(in = 9102071) (out= 9101653)(deflated 0%)
adding: numpuzsrver-jar.err(in = 0) (out= 0)(stored 0%)
adding: sounds/(in = 0) (out= 0)(stored 0%)
adding: sounds/click error.wav(in = 195766) (out= 88356)(deflated 54%)
adding: sounds/select click.wav(in = 195014) (out= 82818)(deflated 57%)
